SF:lib/domain/entities/github/user.dart
DA:47,4
DA:81,3
DA:82,3
DA:83,3
DA:84,3
DA:85,3
DA:86,3
DA:87,3
DA:88,3
DA:89,3
DA:90,3
DA:91,3
DA:92,3
DA:93,3
DA:94,3
DA:95,3
DA:96,3
DA:97,3
DA:98,3
DA:99,3
DA:100,3
DA:101,3
DA:102,3
DA:103,3
DA:104,3
DA:105,3
DA:106,3
DA:107,3
DA:108,3
DA:109,3
DA:110,3
DA:111,3
DA:112,3
DA:113,3
LF:34
LH:34
end_of_record
SF:lib/domain/usecases/github/get_user.dart
DA:27,1
DA:29,1
DA:32,2
LF:3
LH:3
end_of_record
SF:lib/injection_container.dart
DA:6,30
DA:9,10
DA:10,20
LF:3
LH:3
end_of_record
SF:lib/core/error/exceptions.dart
DA:4,5
DA:6,2
DA:8,2
DA:9,0
DA:16,5
DA:18,2
DA:20,2
DA:21,0
LF:8
LH:6
end_of_record
SF:lib/core/mappers/mapper.dart
DA:2,0
LF:1
LH:0
end_of_record
SF:lib/core/network/network_info.dart
DA:16,1
DA:18,1
DA:21,0
DA:23,2
LF:4
LH:3
end_of_record
SF:lib/core/usecases/usecase.dart
DA:4,2
DA:10,0
DA:12,0
DA:13,0
LF:4
LH:1
end_of_record
SF:lib/core/validators.dart
DA:2,0
DA:5,0
DA:9,0
DA:10,0
DA:13,0
DA:14,0
LF:6
LH:0
end_of_record
SF:lib/data/datasources/firebase_auth_data_source.dart
DA:34,0
DA:39,0
DA:41,0
DA:42,0
DA:43,0
DA:44,0
DA:45,0
DA:47,0
DA:50,0
DA:53,0
DA:54,0
DA:56,0
DA:57,0
DA:62,0
DA:63,0
DA:67,0
DA:71,0
DA:72,0
DA:74,0
DA:75,0
DA:76,0
DA:77,0
DA:78,0
DA:79,0
DA:83,0
DA:85,0
DA:87,0
DA:90,0
DA:91,0
DA:93,0
DA:95,0
DA:97,0
DA:99,0
LF:33
LH:0
end_of_record
SF:lib/data/models/firebase_auth/app_user_model.dart
DA:12,0
DA:21,0
DA:22,0
DA:23,0
DA:24,0
DA:25,0
DA:26,0
DA:27,0
DA:28,0
DA:32,0
DA:33,0
DA:34,0
DA:35,0
DA:36,0
DA:37,0
DA:38,0
DA:39,0
DA:43,0
DA:44,0
DA:45,0
DA:46,0
DA:47,0
DA:48,0
DA:49,0
DA:50,0
LF:25
LH:0
end_of_record
SF:lib/data/datasources/github_local_data_source.dart
DA:35,1
DA:37,1
DA:40,2
DA:42,1
DA:43,3
DA:44,1
DA:49,1
DA:50,2
DA:52,1
DA:53,1
DA:54,3
DA:55,1
DA:57,1
DA:61,1
DA:63,2
DA:65,2
DA:70,1
DA:71,2
DA:73,1
DA:74,1
DA:76,1
LF:21
LH:21
end_of_record
SF:lib/data/models/github/user_model.dart
DA:48,8
DA:82,7
DA:83,7
DA:85,6
DA:86,6
DA:87,6
DA:88,6
DA:89,6
DA:90,6
DA:91,6
DA:92,6
DA:93,6
DA:94,6
DA:95,6
DA:96,6
DA:97,6
DA:98,6
DA:99,6
DA:100,6
DA:101,6
DA:102,6
DA:103,6
DA:104,6
DA:105,6
DA:106,6
DA:107,6
DA:108,6
DA:109,6
DA:110,6
DA:111,6
DA:112,6
DA:113,6
DA:114,6
DA:115,6
DA:116,6
DA:117,6
DA:120,8
LF:37
LH:37
end_of_record
SF:lib/data/models/github/user_model.g.dart
DA:9,7
DA:10,7
DA:11,7
DA:12,7
DA:13,7
DA:14,7
DA:15,7
DA:16,7
DA:17,7
DA:18,7
DA:19,7
DA:20,7
DA:21,7
DA:22,7
DA:23,7
DA:24,7
DA:25,7
DA:26,7
DA:27,7
DA:28,7
DA:29,7
DA:30,7
DA:31,7
DA:32,7
DA:33,7
DA:34,7
DA:35,7
DA:36,7
DA:37,7
DA:38,7
DA:39,7
DA:40,7
DA:42,8
DA:43,7
DA:45,8
DA:49,4
DA:50,4
DA:51,4
DA:52,4
DA:53,4
DA:54,4
DA:55,4
DA:56,4
DA:57,4
DA:58,4
DA:59,4
DA:60,4
DA:61,4
DA:62,4
DA:63,4
DA:64,4
DA:65,4
DA:66,4
DA:67,4
DA:68,4
DA:69,4
DA:70,4
DA:71,4
DA:72,4
DA:73,4
DA:74,4
DA:75,4
DA:76,4
DA:77,4
DA:78,4
DA:79,4
DA:80,6
DA:81,6
LF:68
LH:68
end_of_record
SF:lib/data/models/github/release_model.dart
DA:37,5
DA:58,4
DA:59,4
DA:61,4
DA:62,4
DA:63,4
DA:64,4
DA:65,4
DA:66,4
DA:67,4
DA:68,4
DA:69,4
DA:70,4
DA:71,4
DA:72,4
DA:73,4
DA:74,4
DA:75,4
DA:76,4
DA:77,4
DA:78,4
DA:79,4
DA:80,4
DA:82,4
LF:24
LH:24
end_of_record
SF:lib/data/models/github/release_model.g.dart
DA:9,4
DA:10,4
DA:11,4
DA:12,4
DA:13,4
DA:14,4
DA:15,4
DA:16,4
DA:17,4
DA:18,4
DA:19,4
DA:20,4
DA:21,4
DA:22,4
DA:23,4
DA:24,4
DA:25,4
DA:27,8
DA:28,4
DA:30,8
DA:31,4
DA:33,8
DA:34,4
DA:35,8
DA:37,4
DA:38,4
DA:42,2
DA:43,2
DA:44,2
DA:45,2
DA:46,2
DA:47,2
DA:48,2
DA:49,2
DA:50,2
DA:51,2
DA:52,2
DA:53,2
DA:54,2
DA:55,2
DA:56,2
DA:57,2
DA:58,4
DA:59,4
DA:60,4
DA:61,10
LF:46
LH:46
end_of_record
SF:lib/data/datasources/github_remote_data_source.dart
DA:27,1
DA:31,1
DA:33,4
DA:35,2
DA:36,1
DA:37,2
DA:38,3
DA:39,1
DA:41,3
DA:46,1
DA:47,4
DA:49,2
DA:50,1
DA:51,2
DA:53,3
LF:15
LH:15
end_of_record
SF:lib/data/datasources/gitlab_remote_data_source.dart
DA:24,0
DA:27,0
DA:29,0
DA:31,0
DA:32,0
DA:33,0
DA:35,0
LF:7
LH:0
end_of_record
SF:lib/data/models/gitlab_user_model.dart
DA:12,0
DA:18,0
DA:19,0
DA:21,0
DA:22,0
DA:23,0
DA:24,0
DA:25,0
DA:28,0
LF:9
LH:0
end_of_record
SF:lib/data/models/gitlab_user_model.g.dart
DA:9,0
DA:10,0
DA:11,0
DA:12,0
DA:13,0
DA:17,0
DA:18,0
DA:19,0
DA:20,0
DA:21,0
LF:10
LH:0
end_of_record
SF:lib/data/mappers/firebase_auth/app_user_mapper.dart
DA:10,0
DA:12,0
DA:14,0
DA:15,0
DA:16,0
DA:17,0
DA:18,0
DA:19,0
DA:20,0
DA:24,0
DA:26,0
DA:27,0
DA:28,0
DA:29,0
DA:30,0
DA:31,0
DA:32,0
LF:17
LH:0
end_of_record
SF:lib/domain/entities/firebase_auth/app_user.dart
DA:11,0
DA:20,0
DA:21,0
DA:22,0
DA:23,0
DA:24,0
DA:25,0
DA:26,0
DA:31,0
DA:32,0
DA:33,0
DA:34,0
DA:35,0
DA:36,0
DA:37,0
DA:38,0
LF:16
LH:0
end_of_record
SF:lib/data/mappers/github/asset_mapper.dart
DA:14,1
DA:16,1
DA:18,1
DA:19,1
DA:20,1
DA:21,1
DA:22,1
DA:23,1
DA:24,1
DA:25,1
DA:26,1
DA:27,1
DA:28,1
DA:29,1
DA:30,1
DA:31,3
DA:35,1
DA:37,1
DA:38,1
DA:39,1
DA:40,1
DA:41,1
DA:42,1
DA:43,1
DA:44,1
DA:45,1
DA:46,1
DA:47,1
DA:48,1
DA:49,1
DA:50,3
LF:31
LH:31
end_of_record
SF:lib/data/mappers/github/user_mapper.dart
DA:10,1
DA:12,1
DA:14,1
DA:15,1
DA:16,1
DA:17,1
DA:18,1
DA:19,1
DA:20,1
DA:21,1
DA:22,1
DA:23,1
DA:24,1
DA:25,1
DA:26,1
DA:27,1
DA:28,1
DA:29,1
DA:30,1
DA:31,1
DA:32,1
DA:33,1
DA:34,1
DA:35,1
DA:36,1
DA:37,1
DA:38,1
DA:39,1
DA:40,1
DA:41,1
DA:42,1
DA:43,1
DA:44,1
DA:45,1
DA:49,1
DA:51,1
DA:52,1
DA:53,1
DA:54,1
DA:55,1
DA:56,1
DA:57,1
DA:58,1
DA:59,1
DA:60,1
DA:61,1
DA:62,1
DA:63,1
DA:64,1
DA:65,1
DA:66,1
DA:67,1
DA:68,1
DA:69,1
DA:70,1
DA:71,1
DA:72,1
DA:73,1
DA:74,1
DA:75,1
DA:76,1
DA:77,1
DA:78,1
DA:79,1
DA:80,1
DA:81,1
DA:82,1
LF:67
LH:67
end_of_record
SF:lib/data/models/github/asset_model.dart
DA:31,7
DA:47,5
DA:48,5
DA:49,5
DA:50,5
DA:51,5
DA:52,5
DA:53,5
DA:54,5
DA:55,5
DA:56,5
DA:57,5
DA:58,5
DA:59,5
DA:60,5
DA:61,5
DA:64,5
DA:65,5
DA:66,6
LF:19
LH:19
end_of_record
SF:lib/data/models/github/asset_model.g.dart
DA:9,5
DA:10,5
DA:11,5
DA:12,5
DA:13,5
DA:14,5
DA:15,5
DA:16,5
DA:17,5
DA:18,5
DA:19,5
DA:20,5
DA:21,5
DA:23,10
DA:24,5
DA:26,10
DA:27,5
DA:29,10
DA:33,3
DA:34,3
DA:35,3
DA:36,3
DA:37,3
DA:38,3
DA:39,3
DA:40,3
DA:41,3
DA:42,3
DA:43,3
DA:44,3
DA:45,6
DA:46,6
DA:47,6
LF:33
LH:33
end_of_record
SF:lib/domain/entities/github/asset.dart
DA:31,5
DA:47,2
DA:48,2
DA:49,2
DA:50,2
DA:51,2
DA:52,2
DA:53,2
DA:54,2
DA:55,2
DA:56,2
DA:57,2
DA:58,2
DA:59,2
DA:60,2
DA:61,2
LF:16
LH:16
end_of_record
SF:lib/data/mappers/github/release_mapper.dart
DA:16,1
DA:21,1
DA:23,1
DA:24,1
DA:25,1
DA:26,1
DA:27,1
DA:28,1
DA:29,1
DA:30,1
DA:31,1
DA:32,1
DA:33,1
DA:34,1
DA:35,1
DA:36,1
DA:37,1
DA:38,1
DA:39,1
DA:40,3
DA:41,5
DA:45,1
DA:47,1
DA:48,1
DA:49,1
DA:50,1
DA:51,1
DA:52,1
DA:53,1
DA:54,1
DA:55,1
DA:56,1
DA:57,1
DA:58,1
DA:59,1
DA:60,1
DA:61,1
DA:62,1
DA:63,1
DA:64,3
DA:65,5
LF:41
LH:41
end_of_record
SF:lib/domain/entities/github/release.dart
DA:36,4
DA:57,2
DA:58,2
DA:59,2
DA:60,2
DA:61,2
DA:62,2
DA:63,2
DA:64,2
DA:65,2
DA:66,2
DA:67,2
DA:68,2
DA:69,2
DA:70,2
DA:71,2
DA:72,2
DA:73,2
DA:74,2
DA:75,2
DA:76,2
LF:21
LH:21
end_of_record
SF:lib/data/mappers/gitlab_user_mapper.dart
DA:10,0
DA:12,0
DA:14,0
DA:15,0
DA:16,0
DA:17,0
DA:21,0
DA:23,0
DA:24,0
DA:25,0
DA:26,0
LF:11
LH:0
end_of_record
SF:lib/domain/entities/gitlab_user.dart
DA:8,0
DA:14,0
DA:15,0
DA:16,0
DA:17,0
DA:18,0
LF:6
LH:0
end_of_record
SF:lib/data/repositories/firebase_auth/app_user_repository_impl.dart
DA:17,0
DA:21,0
DA:22,0
DA:24,0
DA:26,0
DA:29,0
DA:31,0
DA:34,0
DA:36,0
DA:39,0
DA:41,0
DA:44,0
DA:46,0
LF:13
LH:0
end_of_record
SF:lib/data/repositories/github/releases_repository_impl.dart
DA:29,1
DA:36,1
DA:38,1
DA:41,1
DA:42,4
DA:43,3
DA:44,3
DA:45,4
DA:47,3
DA:48,4
LF:10
LH:10
end_of_record
SF:lib/data/repositories/github/user_repository_impl.dart
DA:29,1
DA:36,1
DA:37,1
DA:39,1
DA:40,4
DA:41,3
DA:42,3
DA:43,2
DA:45,3
DA:46,2
LF:10
LH:10
end_of_record
SF:lib/data/repositories/gitlab_user_repository_impl.dart
DA:15,0
DA:17,0
DA:19,0
LF:3
LH:0
end_of_record
SF:lib/domain/usecases/firebase_auth/get_user.dart
DA:12,0
DA:14,0
DA:16,0
LF:3
LH:0
end_of_record
SF:lib/domain/usecases/firebase_auth/is_signed_in.dart
DA:11,0
DA:13,0
DA:15,0
LF:3
LH:0
end_of_record
SF:lib/domain/usecases/firebase_auth/set_user_data.dart
DA:12,0
DA:14,0
DA:16,0
LF:3
LH:0
end_of_record
SF:lib/domain/usecases/firebase_auth/signin.dart
DA:13,0
DA:15,0
DA:18,0
DA:26,0
LF:4
LH:0
end_of_record
SF:lib/domain/usecases/firebase_auth/signout.dart
DA:11,0
DA:13,0
DA:16,0
LF:3
LH:0
end_of_record
SF:lib/domain/usecases/firebase_auth/signup.dart
DA:13,0
DA:15,0
DA:18,0
DA:26,0
LF:4
LH:0
end_of_record
SF:lib/domain/usecases/get_gitlab_user.dart
DA:12,0
DA:14,0
DA:16,0
LF:3
LH:0
end_of_record
SF:lib/domain/usecases/github/get_releases.dart
DA:27,1
DA:29,1
DA:32,2
LF:3
LH:3
end_of_record
SF:lib/injection_container.iconfig.dart
DA:61,10
DA:62,10
DA:65,10
DA:66,14
DA:67,14
DA:68,10
DA:69,4
DA:70,12
DA:71,12
DA:72,16
DA:73,12
DA:74,12
DA:75,12
DA:76,12
DA:77,10
DA:78,12
DA:79,12
DA:83,10
DA:84,0
DA:85,0
DA:86,0
DA:87,0
DA:88,0
DA:89,0
DA:90,0
DA:91,0
DA:92,0
DA:93,0
DA:94,0
DA:96,0
DA:97,0
DA:98,0
DA:99,0
DA:100,0
DA:102,0
DA:103,0
DA:104,0
DA:105,0
DA:106,0
DA:107,0
DA:108,0
DA:109,0
DA:110,0
DA:111,0
DA:112,0
DA:113,0
DA:114,0
DA:115,0
DA:116,0
DA:117,0
DA:118,0
DA:119,0
DA:120,0
DA:121,0
DA:122,0
DA:123,0
DA:124,0
DA:125,0
DA:126,0
DA:127,0
DA:128,0
DA:129,0
DA:130,0
DA:131,0
DA:132,0
DA:133,0
DA:134,0
DA:135,0
DA:136,0
DA:137,0
DA:138,0
DA:139,0
DA:140,0
DA:141,0
DA:142,0
DA:143,0
DA:144,0
DA:145,0
DA:146,0
DA:147,0
DA:148,0
DA:149,0
DA:150,0
DA:151,0
DA:152,0
DA:154,0
DA:155,0
DA:156,0
DA:157,0
DA:158,0
DA:159,0
DA:160,0
DA:161,0
DA:162,0
DA:163,0
DA:168,0
DA:169,0
LF:97
LH:18
end_of_record
SF:lib/presentation/blocs/github_releases/github_releases_bloc.dart
DA:19,1
DA:21,0
DA:23,1
DA:27,1
DA:30,1
DA:31,1
DA:33,3
DA:34,2
DA:36,3
LF:9
LH:8
end_of_record
SF:lib/presentation/blocs/github_releases/github_releases_event.dart
DA:6,0
DA:8,0
DA:9,0
DA:14,0
DA:16,0
DA:17,0
LF:6
LH:0
end_of_record
SF:lib/presentation/blocs/github_releases/github_releases_state.dart
DA:5,1
DA:7,1
DA:8,1
DA:14,1
DA:16,1
DA:17,2
DA:21,0
DA:27,1
DA:29,1
DA:30,2
DA:34,0
LF:11
LH:9
end_of_record
SF:lib/presentation/blocs/github_user/github_user_bloc.dart
DA:18,1
DA:20,0
DA:22,1
DA:23,1
DA:26,1
DA:29,1
DA:30,2
DA:32,3
DA:33,2
DA:35,3
LF:10
LH:9
end_of_record
SF:lib/presentation/blocs/github_user/github_user_state.dart
DA:5,1
DA:7,1
DA:8,1
DA:14,1
DA:16,1
DA:17,2
DA:25,1
DA:27,1
DA:28,2
DA:32,1
LF:10
LH:10
end_of_record
SF:lib/presentation/blocs/github_user/github_user_event.dart
DA:6,1
DA:8,0
DA:9,0
DA:14,1
LF:4
LH:2
end_of_record
SF:lib/presentation/blocs/main/main_page_state.dart
DA:6,1
DA:8,1
DA:9,2
LF:3
LH:3
end_of_record
SF:lib/presentation/blocs/main/main_page_event.dart
DA:4,1
DA:6,0
DA:7,0
DA:13,1
DA:15,0
DA:16,0
LF:6
LH:2
end_of_record
SF:lib/presentation/blocs/main/main_page_bloc.dart
DA:12,1
DA:13,1
DA:16,1
DA:19,1
DA:20,3
LF:5
LH:5
end_of_record
SF:lib/register_module.dart
DA:15,0
DA:17,0
DA:19,0
DA:20,0
DA:22,0
DA:23,0
DA:25,0
DA:26,0
LF:8
LH:0
end_of_record
SF:lib/presentation/blocs/firebase_auth/authentication/authentication_state.dart
DA:4,0
DA:6,0
DA:7,0
DA:11,0
DA:17,0
DA:19,0
DA:20,0
DA:22,0
DA:23,0
DA:27,0
LF:10
LH:0
end_of_record
SF:lib/presentation/blocs/firebase_auth/authentication/authentication_event.dart
DA:4,0
DA:5,0
DA:6,0
DA:10,0
DA:14,0
DA:18,0
LF:6
LH:0
end_of_record
SF:lib/presentation/blocs/firebase_auth/authentication/authentication_bloc.dart
DA:23,0
DA:29,0
DA:30,0
DA:33,0
DA:36,0
DA:37,0
DA:38,0
DA:39,0
DA:40,0
DA:41,0
DA:45,0
DA:47,0
DA:49,0
DA:51,0
DA:54,0
DA:58,0
DA:59,0
DA:62,0
DA:63,0
DA:64,0
LF:20
LH:0
end_of_record
SF:lib/presentation/blocs/firebase_auth/forgot/forgot_bloc.dart
DA:18,0
DA:20,0
DA:21,0
DA:23,0
DA:28,0
DA:29,0
DA:31,0
DA:32,0
DA:33,0
DA:35,0
DA:39,0
DA:42,0
DA:43,0
DA:44,0
DA:45,0
DA:49,0
DA:50,0
DA:51,0
DA:55,0
DA:58,0
DA:60,0
DA:61,0
DA:63,0
LF:23
LH:0
end_of_record
SF:lib/presentation/blocs/firebase_auth/forgot/forgot_state.dart
DA:10,0
DA:12,0
DA:19,0
DA:20,0
DA:28,0
DA:29,0
DA:37,0
DA:38,0
DA:46,0
DA:47,0
DA:55,0
DA:59,0
DA:68,0
DA:76,0
DA:77,0
DA:78,0
DA:79,0
DA:80,0
DA:84,0
DA:87,0
DA:88,0
DA:89,0
DA:90,0
DA:91,0
DA:94,0
DA:95,0
DA:96,0
DA:97,0
DA:98,0
DA:99,0
LF:30
LH:0
end_of_record
SF:lib/presentation/blocs/firebase_auth/forgot/forgot_event.dart
DA:4,0
DA:6,0
DA:7,0
DA:13,0
DA:15,0
DA:16,0
DA:18,0
DA:19,0
DA:25,0
DA:29,0
DA:30,0
DA:32,0
DA:34,0
LF:13
LH:0
end_of_record
SF:lib/presentation/blocs/firebase_auth/login/login_state.dart
DA:11,0
DA:13,0
DA:21,0
DA:22,0
DA:31,0
DA:32,0
DA:41,0
DA:42,0
DA:51,0
DA:52,0
DA:61,0
DA:65,0
DA:74,0
DA:82,0
DA:83,0
DA:84,0
DA:85,0
DA:86,0
DA:87,0
DA:91,0
DA:94,0
DA:95,0
DA:96,0
DA:97,0
DA:98,0
DA:99,0
DA:102,0
DA:103,0
DA:104,0
DA:105,0
DA:106,0
DA:107,0
DA:108,0
LF:33
LH:0
end_of_record
SF:lib/presentation/blocs/firebase_auth/login/login_event.dart
DA:4,0
DA:6,0
DA:7,0
DA:13,0
DA:15,0
DA:16,0
DA:18,0
DA:19,0
DA:25,0
DA:27,0
DA:28,0
DA:30,0
DA:31,0
DA:38,0
DA:43,0
DA:44,0
DA:46,0
DA:48,0
DA:56,0
DA:61,0
DA:62,0
DA:64,0
DA:66,0
LF:23
LH:0
end_of_record
SF:lib/presentation/blocs/firebase_auth/login/login_bloc.dart
DA:19,0
DA:23,0
DA:24,0
DA:26,0
DA:31,0
DA:32,0
DA:34,0
DA:35,0
DA:36,0
DA:38,0
DA:42,0
DA:43,0
DA:44,0
DA:45,0
DA:46,0
DA:47,0
DA:48,0
DA:49,0
DA:50,0
DA:55,0
DA:56,0
DA:57,0
DA:61,0
DA:62,0
DA:63,0
DA:67,0
DA:71,0
DA:73,0
DA:74,0
DA:76,0
LF:30
LH:0
end_of_record
SF:lib/presentation/blocs/firebase_auth/register/register_event.dart
DA:4,0
DA:6,0
DA:7,0
DA:13,0
DA:15,0
DA:16,0
DA:18,0
DA:19,0
DA:25,0
DA:27,0
DA:28,0
DA:30,0
DA:31,0
DA:38,0
DA:43,0
DA:44,0
DA:46,0
DA:48,0
LF:18
LH:0
end_of_record
SF:lib/presentation/blocs/firebase_auth/register/register_state.dart
DA:11,0
DA:13,0
DA:21,0
DA:22,0
DA:31,0
DA:32,0
DA:41,0
DA:42,0
DA:51,0
DA:52,0
DA:61,0
DA:65,0
DA:74,0
DA:82,0
DA:83,0
DA:84,0
DA:85,0
DA:86,0
DA:87,0
DA:91,0
DA:94,0
DA:95,0
DA:96,0
DA:97,0
DA:98,0
DA:99,0
DA:102,0
DA:103,0
DA:104,0
DA:105,0
DA:106,0
DA:107,0
DA:108,0
LF:33
LH:0
end_of_record
SF:lib/presentation/blocs/firebase_auth/register/register_bloc.dart
DA:18,0
DA:20,0
DA:21,0
DA:23,0
DA:28,0
DA:29,0
DA:31,0
DA:32,0
DA:33,0
DA:35,0
DA:39,0
DA:42,0
DA:43,0
DA:44,0
DA:45,0
DA:46,0
DA:47,0
DA:51,0
DA:52,0
DA:53,0
DA:57,0
DA:58,0
DA:59,0
DA:63,0
DA:67,0
DA:69,0
DA:70,0
DA:72,0
LF:28
LH:0
end_of_record
SF:lib/presentation/blocs/firebase_auth/user_data/user_data_state.dart
DA:4,0
DA:5,0
DA:6,0
DA:10,0
DA:14,0
DA:18,0
DA:22,0
LF:7
LH:0
end_of_record
SF:lib/presentation/blocs/firebase_auth/user_data/user_data_event.dart
DA:4,0
DA:6,0
DA:7,0
DA:13,0
DA:15,0
DA:16,0
LF:6
LH:0
end_of_record
SF:lib/presentation/blocs/firebase_auth/user_data/user_data_bloc.dart
DA:16,0
DA:18,0
DA:19,0
DA:22,0
DA:25,0
DA:27,0
DA:28,0
DA:29,0
DA:31,0
LF:9
LH:0
end_of_record
SF:lib/presentation/blocs/gitlab_user/gitlab_user_event.dart
DA:4,0
DA:10,0
DA:12,0
DA:13,0
LF:4
LH:0
end_of_record
SF:lib/presentation/blocs/gitlab_user/gitlab_user_state.dart
DA:4,0
DA:8,0
DA:9,0
DA:13,0
DA:14,0
DA:20,0
DA:22,0
DA:23,0
DA:29,0
DA:31,0
DA:32,0
LF:11
LH:0
end_of_record
SF:lib/presentation/blocs/gitlab_user/gitlab_user_bloc.dart
DA:18,0
DA:20,0
DA:22,0
DA:23,0
DA:26,0
DA:29,0
DA:30,0
DA:32,0
DA:33,0
DA:35,0
LF:10
LH:0
end_of_record
